A51 MACRO ASSEMBLER  3_1_3                                                                03/01/2024 06:44:39 PAGE     1


MACRO ASSEMBLER A51 V8.2.7.0
OBJECT MODULE PLACED IN .\Objects\3.1.3.obj
ASSEMBLER INVOKED BY: C:\Keil_v5\C51\BIN\A51.EXE 3.1.3.asm SET(SMALL) DEBUG PRINT(.\Listings\3.1.3.lst) OBJECT(.\Objects
                      \3.1.3.obj) EP

LOC  OBJ            LINE     SOURCE

0000                   1     ORG 0000H
0000 7A05              2             MOV R2, #05H
0002 7840              3             MOV R0, #40H
0004 903000            4             MOV DPTR, #3000H
0007 E6                5             LOOP: MOV A, @R0
0008 F4                6             CPL A
0009 F0                7             MOVX @DPTR, A
000A 08                8             INC R0
000B A3                9             INC DPTR
000C DAF9             10             DJNZ R2, LOOP
                      11     END
A51 MACRO ASSEMBLER  3_1_3                                                                03/01/2024 06:44:39 PAGE     2

SYMBOL TABLE LISTING
------ ----- -------


N A M E             T Y P E  V A L U E   ATTRIBUTES

LOOP . . . . . . .  C ADDR   0007H   A   


REGISTER BANK(S) USED: 0 


ASSEMBLY COMPLETE.  0 WARNING(S), 0 ERROR(S)
